<?xml version="1.0" encoding="UTF-8"?>
<testsuite xmlns:xsi="http://www.w3.org/2001/XMLSchema-instance" xsi:noNamespaceSchemaLocation="https://maven.apache.org/surefire/maven-surefire-plugin/xsd/surefire-test-report.xsd" version="3.0.2" name="com.delegrego.exemplo_spring_boot_2.ExemploSpringBoot2ApplicationTests" time="5.053" tests="1" errors="0" skipped="0" failures="0">
  <properties>
[...]
</properties>
  <testcase name="contextLoads" classname="com.delegrego.exemplo_spring_boot_2.ExemploSpringBoot2ApplicationTests" time="0.26">
    <system-out><![CDATA[16:00:21.636 [main] INFO org.springframework.test.context.support.AnnotationConfigContextLoaderUtils -- Could not detect default configuration classes for test class [com.delegrego.exemplo_spring_boot_2.ExemploSpringBoot2ApplicationTests]: ExemploSpringBoot2ApplicationTests does not declare any static, non-private, non-final, nested classes annotated with @Configuration.
16:00:21.739 [main] INFO org.springframework.boot.test.context.SpringBootTestContextBootstrapper -- Found @SpringBootConfiguration com.delegrego.exemplo_spring_boot_2.ExemploSpringBoot2Application for test class com.delegrego.exemplo_spring_boot_2.ExemploSpringBoot2ApplicationTests
16:00:21.869 [main] INFO org.springframework.boot.devtools.restart.RestartApplicationListener -- Restart disabled due to context in which it is running

  .   ____          _            __ _ _
 /\\ / ___'_ __ _ _(_)_ __  __ _ \ \ \ \
( ( )\___ | '_ | '_| | '_ \/ _` | \ \ \ \
 \\/  ___)| |_)| | | | | || (_| |  ) ) ) )
  '  |____| .__|_| |_|_| |_\__, | / / / /
 =========|_|==============|___/=/_/_/_/

 :: Spring Boot ::                (v3.5.0)

2025-11-26T16:00:22.132-03:00  INFO 21744 --- [exemplo-spring-boot-2] [           main] c.d.e.ExemploSpringBoot2ApplicationTests : Starting ExemploSpringBoot2ApplicationTests using Java 21.0.7 with PID 21744 (started by henri in C:\Users\henri\OneDrive\Desktop\exemplo-spring-boot-2)
2025-11-26T16:00:22.134-03:00  INFO 21744 --- [exemplo-spring-boot-2] [           main] c.d.e.ExemploSpringBoot2ApplicationTests : No active profile set, falling back to 1 default profile: "default"
2025-11-26T16:00:22.828-03:00  INFO 21744 --- [exemplo-spring-boot-2] [           main] .s.d.r.c.RepositoryConfigurationDelegate : Bootstrapping Spring Data JPA repositories in DEFAULT mode.
2025-11-26T16:00:22.884-03:00  INFO 21744 --- [exemplo-spring-boot-2] [           main] .s.d.r.c.RepositoryConfigurationDelegate : Finished Spring Data repository scanning in 48 ms. Found 2 JPA repository interfaces.
2025-11-26T16:00:23.463-03:00  INFO 21744 --- [exemplo-spring-boot-2] [           main] com.zaxxer.hikari.HikariDataSource       : HikariPool-1 - Starting...
2025-11-26T16:00:23.936-03:00  INFO 21744 --- [exemplo-spring-boot-2] [           main] com.zaxxer.hikari.pool.HikariPool        : HikariPool-1 - Added connection com.mysql.cj.jdbc.ConnectionImpl@712cd5d3
2025-11-26T16:00:23.936-03:00  INFO 21744 --- [exemplo-spring-boot-2] [           main] com.zaxxer.hikari.HikariDataSource       : HikariPool-1 - Start completed.
2025-11-26T16:00:23.974-03:00  INFO 21744 --- [exemplo-spring-boot-2] [           main] o.hibernate.jpa.internal.util.LogHelper  : HHH000204: Processing PersistenceUnitInfo [name: default]
2025-11-26T16:00:24.023-03:00  INFO 21744 --- [exemplo-spring-boot-2] [           main] org.hibernate.Version                    : HHH000412: Hibernate ORM core version 6.6.15.Final
2025-11-26T16:00:24.054-03:00  INFO 21744 --- [exemplo-spring-boot-2] [           main] o.h.c.internal.RegionFactoryInitiator    : HHH000026: Second-level cache disabled
2025-11-26T16:00:24.328-03:00  INFO 21744 --- [exemplo-spring-boot-2] [           main] o.s.o.j.p.SpringPersistenceUnitInfo      : No LoadTimeWeaver setup: ignoring JPA class transformer
2025-11-26T16:00:24.644-03:00  WARN 21744 --- [exemplo-spring-boot-2] [           main] o.h.e.j.e.i.JdbcEnvironmentInitiator     : HHH000339: Could not obtain connection metadata: java.sql.SQLSyntaxErrorException: Unknown column 'RESERVED' in 'WHERE'
2025-11-26T16:00:24.660-03:00  WARN 21744 --- [exemplo-spring-boot-2] [           main] org.hibernate.orm.deprecation            : HHH90000025: MySQLDialect does not need to be specified explicitly using 'hibernate.dialect' (remove the property setting and it will be selected by default)
2025-11-26T16:00:24.666-03:00  INFO 21744 --- [exemplo-spring-boot-2] [           main] org.hibernate.orm.connections.pooling    : HHH10001005: Database info:
	Database JDBC URL [Connecting through datasource 'HikariDataSource (HikariPool-1)']
	Database driver: undefined/unknown
	Database version: 8.0
	Autocommit mode: undefined/unknown
	Isolation level: undefined/unknown
	Minimum pool size: undefined/unknown
	Maximum pool size: undefined/unknown
2025-11-26T16:00:25.237-03:00  INFO 21744 --- [exemplo-spring-boot-2] [           main] o.h.e.t.j.p.i.JtaPlatformInitiator       : HHH000489: No JTA platform available (set 'hibernate.transaction.jta.platform' to enable JTA platform integration)
2025-11-26T16:00:25.240-03:00  INFO 21744 --- [exemplo-spring-boot-2] [           main] j.LocalContainerEntityManagerFactoryBean : Initialized JPA EntityManagerFactory for persistence unit 'default'
2025-11-26T16:00:25.594-03:00  WARN 21744 --- [exemplo-spring-boot-2] [           main] JpaBaseConfiguration$JpaWebConfiguration : spring.jpa.open-in-view is enabled by default. Therefore, database queries may be performed during view rendering. Explicitly configure spring.jpa.open-in-view to disable this warning
2025-11-26T16:00:25.637-03:00  INFO 21744 --- [exemplo-spring-boot-2] [           main] eAuthenticationProviderManagerConfigurer : Global AuthenticationManager configured with AuthenticationProvider bean with name authenticationProvider
2025-11-26T16:00:25.637-03:00  WARN 21744 --- [exemplo-spring-boot-2] [           main] r$InitializeUserDetailsManagerConfigurer : Global AuthenticationManager configured with an AuthenticationProvider bean. UserDetailsService beans will not be used by Spring Security for automatically configuring username/password login. Consider removing the AuthenticationProvider bean. Alternatively, consider using the UserDetailsService in a manually instantiated DaoAuthenticationProvider. If the current configuration is intentional, to turn off this warning, increase the logging level of 'org.springframework.security.config.annotation.authentication.configuration.InitializeUserDetailsBeanManagerConfigurer' to ERROR
2025-11-26T16:00:26.300-03:00  INFO 21744 --- [exemplo-spring-boot-2] [           main] c.d.e.ExemploSpringBoot2ApplicationTests : Started ExemploSpringBoot2ApplicationTests in 4.441 seconds (process running for 5.21)
]]></system-out>
    <system-err><![CDATA[Mockito is currently self-attaching to enable the inline-mock-maker. This will no longer work in future releases of the JDK. Please add Mockito as an agent to your build as described in Mockito's documentation: https://javadoc.io/doc/org.mockito/mockito-core/latest/org.mockito/org/mockito/Mockito.html#0.3
WARNING: A Java agent has been loaded dynamically (C:\Users\henri\.m2\repository\net\bytebuddy\byte-buddy-agent\1.17.5\byte-buddy-agent-1.17.5.jar)
WARNING: If a serviceability tool is in use, please run with -XX:+EnableDynamicAgentLoading to hide this warning
WARNING: If a serviceability tool is not in use, please run with -Djdk.instrument.traceUsage for more information
WARNING: Dynamic loading of agents will be disallowed by default in a future release
]]></system-err>
  </testcase>
</testsuite>